<?xml version="1.0" encoding="UTF-8"?>
<!-- Generated by org.testng.reporters.JUnitXMLReporter -->
<testsuite ignored="9" hostname="ASV" failures="1" tests="4" name="Test" time="39.257" errors="0" timestamp="2025-05-18T00:36:07 IST">
  <testcase classname="vishnuasautomation.tests.ErrorValidationTest" name="errorValidation" time="0.481">
    <skipped/>
  </testcase> <!-- errorValidation -->
  <testcase classname="vishnuasautomation.tests.ErrorValidationTest" name="errorValidation" time="0.449">
    <failure type="java.lang.AssertionError" message="expected [Incorrect email or password123.] but found [Incorrect email or password.]">
      <![CDATA[java.lang.AssertionError: expected [Incorrect email or password123.] but found [Incorrect email or password.]
at vishnuasautomation.tests.ErrorValidationTest.errorValidation(ErrorValidationTest.java:19)
at java.base/java.util.concurrent.Executors$RunnableAdapter.call(Executors.java:572)
at java.base/java.util.concurrent.FutureTask.run(FutureTask.java:317)
at java.base/java.util.concurrent.ThreadPoolExecutor.runWorker(ThreadPoolExecutor.java:1144)
at java.base/java.util.concurrent.ThreadPoolExecutor$Worker.run(ThreadPoolExecutor.java:642)
at java.base/java.lang.Thread.run(Thread.java:1583)
... Removed 17 stack frames]]>
    </failure>
  </testcase> <!-- errorValidation -->
  <testcase classname="vishnuasautomation.tests.ParameterizationusingjsonTest" name="standAloneNewTwo" time="17.537"/>
  <testcase classname="vishnuasautomation.tests.ParameterizationusingjsonTest" name="standAloneNewTwo" time="17.398"/>
  <testcase classname="vishnuasautomation.tests.ParameterizationusingjsonTest" name="orderHistoryTest" time="0.0">
    <ignored/>
  </testcase> <!-- orderHistoryTest -->
  <testcase classname="vishnuasautomation.tests.ParameterizationusinghashmapTest" name="standAloneNewOne" time="0.0">
    <ignored/>
  </testcase> <!-- standAloneNewOne -->
  <testcase classname="vishnuasautomation.tests.StandAloneTest" name="orderHistoryTest" time="0.0">
    <ignored/>
  </testcase> <!-- orderHistoryTest -->
  <testcase classname="vishnuasautomation.tests.ParameterizationTest" name="standAloneNew" time="0.0">
    <ignored/>
  </testcase> <!-- standAloneNew -->
  <testcase classname="vishnuasautomation.tests.ParameterizationTest" name="orderHistoryTest" time="0.0">
    <ignored/>
  </testcase> <!-- orderHistoryTest -->
  <testcase classname="vishnuasautomation.tests.NewValidationsTest" name="errorValidationOne" time="0.0">
    <ignored/>
  </testcase> <!-- errorValidationOne -->
  <testcase classname="vishnuasautomation.tests.ParameterizationusinghashmapTest" name="orderHistoryTest" time="0.0">
    <ignored/>
  </testcase> <!-- orderHistoryTest -->
  <testcase classname="vishnuasautomation.tests.NewValidationsTest" name="validationTwo" time="0.0">
    <ignored/>
  </testcase> <!-- validationTwo -->
  <testcase classname="vishnuasautomation.tests.StandAloneTest" name="standAlone" time="0.0">
    <ignored/>
  </testcase> <!-- standAlone -->
</testsuite> <!-- Test -->
